\BOOKMARK [0][-]{chapter.1}{\376\377\000S\000Q\000L\174\173}{}% 1
\BOOKMARK [1][-]{section.1.1}{\376\377\172\172\120\074\225\356\230\230}{chapter.1}% 2
\BOOKMARK [2][-]{subsection.1.1.1}{\376\377\040\030\040\031\000\040\116\016\000\240\000n\000u\000l\000l\000\040\121\174\133\271\140\047}{section.1.1}% 3
\BOOKMARK [2][-]{subsection.1.1.2}{\376\377\122\044\145\255\120\074\146\057\124\046\116\072\172\172\377\014\211\201\165\050\000\240\000i\000s\000\240\000n\000u\000l\000l}{section.1.1}% 4
\BOOKMARK [2][-]{subsection.1.1.3}{\376\377\000P\000G\152\041\137\017\116\013\377\014\040\030\040\031\000\040\120\074\225\356\230\230}{section.1.1}% 5
\BOOKMARK [2][-]{subsection.1.1.4}{\376\377\000O\000r\000a\000\137\000i\000n\000p\000u\000t\000\137\000e\000m\000p\000t\000y\000s\000t\000r\000\137\000i\000s\000n\000u\000l\000l\133\371\116\216\133\127\173\046\174\173\127\213\172\172\120\074\166\204\137\161\124\315}{section.1.1}% 6
\BOOKMARK [2][-]{subsection.1.1.5}{\376\377\000O\000r\000a\000\137\000i\000n\000p\000u\000t\000\137\000e\000m\000p\000t\000y\000s\000t\000r\000\137\000i\000s\000n\000u\000l\000l\133\371\116\216\145\160\120\074\174\173\127\213\172\172\120\074\166\204\137\161\124\315}{section.1.1}% 7
\BOOKMARK [1][-]{section.1.2}{\376\377\000C\000o\000r\000e\122\006\147\220}{chapter.1}% 8
\BOOKMARK [2][-]{subsection.1.2.1}{\376\377\131\032\176\277\172\013\000c\000o\000r\000e\122\006\147\220}{section.1.2}% 9
\BOOKMARK [2][-]{subsection.1.2.2}{\376\377\131\202\117\125\165\037\142\020\000c\000o\000r\000e\145\207\116\366}{section.1.2}% 10
\BOOKMARK [1][-]{section.1.3}{\376\377\121\163\225\056\133\127\225\356\230\230}{chapter.1}% 11
\BOOKMARK [2][-]{subsection.1.3.1}{\376\377\131\202\117\125\170\156\213\244\146\057\124\046\174\373\176\337\121\163\225\056\133\127}{section.1.3}% 12
\BOOKMARK [1][-]{section.1.4}{\376\377\116\161\170\001\142\026\145\340\145\110\133\127\173\046\177\026\170\001}{chapter.1}% 13
\BOOKMARK [1][-]{section.1.5}{\376\377\000W\000i\000n\000d\000o\000w\000s\162\110\147\054\133\211\210\305\147\052\154\350\121\214\147\015\122\241}{chapter.1}% 14
\BOOKMARK [1][-]{section.1.6}{\376\377\131\202\117\125\122\033\136\372\116\000\116\052\225\364\226\224\122\006\123\072}{chapter.1}% 15
\BOOKMARK [1][-]{section.1.7}{\376\377\000[\000K\000E\000S\000V\0008\000R\0002\000/\0003\000]\000\040\133\242\147\015\172\357\147\015\122\241\126\150\177\026\170\001\123\237\164\006\213\364\146\016}{chapter.1}% 16
\BOOKMARK [1][-]{section.1.8}{\376\377\121\174\133\271\000M\000y\000S\000Q\000L\123\302\145\160\000s\000q\000l\000\137\000m\000o\000d\000e}{chapter.1}% 17
\BOOKMARK [1][-]{section.1.9}{\376\377\000M\000y\000S\000Q\000L\000\040\000d\000a\000t\000e\000\137\000f\000o\000r\000m\000a\000t\145\071\121\231}{chapter.1}% 18
\BOOKMARK [1][-]{section.1.10}{\376\377\121\161\147\011\124\014\116\111\213\315\124\214\171\301\147\011\124\014\116\111\213\315\147\011\116\300\116\110\123\072\122\053}{chapter.1}% 19
\BOOKMARK [1][-]{section.1.11}{\376\377\124\014\116\111\213\315\147\345\142\176\211\304\122\031}{chapter.1}% 20
\BOOKMARK [1][-]{section.1.12}{\376\377\131\202\117\125\147\345\213\342\162\110\147\054\166\204\143\320\116\244\123\367}{chapter.1}% 21
\BOOKMARK [1][-]{section.1.13}{\376\377\220\107\122\060\121\163\225\056\133\127\145\340\154\325\117\177\165\050\117\134\116\072\210\150\124\015\142\026\122\027\124\015}{chapter.1}% 22
\BOOKMARK [1][-]{section.1.14}{\376\377\000N\000e\000x\000t\000v\000a\000l\127\050\124\014\116\000\147\141\213\355\123\345\116\055\166\204\120\074}{chapter.1}% 23
\BOOKMARK [1][-]{section.1.15}{\376\377\200\375\116\072\152\041\137\017\143\007\133\232\210\150\172\172\225\364\124\027\377\037}{chapter.1}% 24
\BOOKMARK [1][-]{section.1.16}{\376\377\116\042\131\061\116\206\145\160\143\156\136\223\133\306\170\001\377\014\131\202\117\125\140\142\131\015\377\037}{chapter.1}% 25
\BOOKMARK [1][-]{section.1.17}{\376\377\136\217\122\027\166\204\000c\000a\000c\000h\000e}{chapter.1}% 26
\BOOKMARK [1][-]{section.1.18}{\376\377\116\300\116\110\146\057\000O\000I\000D\377\037}{chapter.1}% 27
\BOOKMARK [1][-]{section.1.19}{\376\377\116\300\116\110\146\057\000C\000T\000I\000D\377\037}{chapter.1}% 28
\BOOKMARK [1][-]{section.1.20}{\376\377\145\160\143\156\136\223\131\047\134\017\226\120\122\066}{chapter.1}% 29
\BOOKMARK [1][-]{section.1.21}{\376\377\000K\000E\000S\145\160\143\156\230\165\176\323\147\204}{chapter.1}% 30
\BOOKMARK [1][-]{section.1.22}{\376\377\131\202\117\125\134\006\145\160\143\156\116\316\133\242\142\067\172\357\220\032\217\307\000c\000o\000p\000y\124\175\116\344\133\374\121\145\145\160\143\156\136\223}{chapter.1}% 31
\BOOKMARK [1][-]{section.1.23}{\376\377\000W\000i\000n\000d\000o\000w\000s\000\040\131\202\117\125\221\115\177\156\121\115\133\306\166\173\137\125}{chapter.1}% 32
\BOOKMARK [1][-]{section.1.24}{\376\377\124\175\116\344\142\245\123\302\145\160\225\031\213\357\225\356\230\230}{chapter.1}% 33
\BOOKMARK [1][-]{section.1.25}{\376\377\000T\000o\000\137\000d\000a\000t\000e\000\040\121\375\145\160\225\356\230\230}{chapter.1}% 34
\BOOKMARK [1][-]{section.1.26}{\376\377\211\306\126\376\156\220\133\232\116\111\117\341\140\157\116\072\125\145\124\214\122\033\136\372\166\204\213\355\123\345\116\015\116\000\150\067}{chapter.1}% 35
\BOOKMARK [1][-]{section.1.27}{\376\377\133\127\173\046\116\062\174\173\127\213\225\177\136\246\140\016\116\110\203\267\123\326}{chapter.1}% 36
\BOOKMARK [1][-]{section.1.28}{\376\377\131\202\117\125\145\071\123\330\000s\000y\000s\000\137\000g\000u\000i\000d\000\050\000\051\000\040\217\324\126\336\120\074\174\173\127\213}{chapter.1}% 37
\BOOKMARK [1][-]{section.1.29}{\376\377\000O\000P\000E\000N\000S\000S\000L\225\356\230\230}{chapter.1}% 38
\BOOKMARK [1][-]{section.1.30}{\376\377\000P\000g\000\137\000r\000e\000l\000a\000t\000i\000o\000n\000\137\000s\000i\000z\000e\000\040\225\356\230\230}{chapter.1}% 39
\BOOKMARK [1][-]{section.1.31}{\376\377\121\150\211\322\133\127\173\046\145\057\143\001}{chapter.1}% 40
\BOOKMARK [1][-]{section.1.32}{\376\377\145\366\225\364\121\375\145\160\225\356\230\230}{chapter.1}% 41
\BOOKMARK [1][-]{section.1.33}{\376\377\131\202\117\125\123\326\137\227\133\371\214\141\166\204\000D\000D\000L\117\341\140\157}{chapter.1}% 42
\BOOKMARK [1][-]{section.1.34}{\376\377\121\150\210\150\000u\000p\000d\000a\000t\000e\227\136\136\070\141\142}{chapter.1}% 43
\BOOKMARK [1][-]{section.1.35}{\376\377\000F\000a\000i\000l\000e\000d\000\040\000t\000o\000\040\000f\000i\000n\000d\000\040\000c\000o\000n\000v\000e\000r\000s\000i\000o\000n\000\040\000f\000u\000n\000c\000t\000i\000o\000n\000\040\000f\000r\000o\000m\000\040\000U\000N\000K\000N\000O\000W\000N\000\040\000t\000o\000\040\000T\000E\000X\000T}{chapter.1}% 44
\BOOKMARK [0][-]{chapter.2}{\376\377\000P\000L\000S\000Q\000L\174\173}{}% 45
\BOOKMARK [1][-]{section.2.1}{\376\377\000K\000E\000S\122\033\136\372\217\307\172\013\377\014\142\245\225\031\377\032\000P\000L\000/\000S\000Q\000L\000\040\000b\000l\000o\000c\000k\000\040\000n\000o\000t\000\040\000e\000n\000d\000\040\000c\000o\000r\000r\000e\000c\000t\000l\000y}{chapter.2}% 46
\BOOKMARK [1][-]{section.2.2}{\376\377\131\202\117\125\214\003\165\050\124\053\000o\000u\000t\123\302\145\160\166\204\133\130\120\250\217\307\172\013}{chapter.2}% 47
\BOOKMARK [1][-]{section.2.3}{\376\377\000S\000a\000v\000e\000p\000o\000i\000n\000t\000\040\117\177\165\050\225\356\230\230}{chapter.2}% 48
\BOOKMARK [1][-]{section.2.4}{\376\377\000C\000r\000e\000a\000t\000e\000\040\000o\000p\000e\000r\000a\000t\000o\000r\377\010\000b\000o\000o\000l\116\016\145\164\127\213\153\324\217\203\377\011}{chapter.2}% 49
\BOOKMARK [1][-]{section.2.5}{\376\377\000F\000o\000r\137\252\163\257\123\330\221\317}{chapter.2}% 50
\BOOKMARK [1][-]{section.2.6}{\376\377\121\375\145\160\123\330\221\317\116\015\200\375\215\205\217\307\0005\0001\0002}{chapter.2}% 51
\BOOKMARK [0][-]{chapter.3}{\376\377\123\302\145\160\166\370\121\163}{}% 52
\BOOKMARK [1][-]{section.3.1}{\376\377\000K\000i\000n\000g\000b\000a\000s\000e\000.\000c\000o\000n\000f\000\040\116\016\000\240\000k\000i\000n\000g\000b\000a\000s\000e\000.\000a\000u\000t\000o\000.\000c\000o\000n\000f\000\040\123\302\145\160\145\207\116\366}{chapter.3}% 53
\BOOKMARK [1][-]{section.3.2}{\376\377\116\015\124\014\123\302\145\160\131\202\117\125\165\037\145\110}{chapter.3}% 54
\BOOKMARK [1][-]{section.3.3}{\376\377\000e\000r\000r\000o\000r\000\137\000u\000s\000e\000r\000\137\000c\000o\000n\000n\000e\000c\000t\000\137\000t\000i\000m\000e\000s\000\040\000a\000n\000d\000\040\000m\000a\000x\000\137\000e\000r\000r\000o\000r\000\137\000u\000s\000e\000r\000\137\000c\000o\000n\000n\000e\000c\000t\000\137\000t\000i\000m\000e\000s}{chapter.3}% 55
\BOOKMARK [1][-]{section.3.4}{\376\377\000E\000x\000c\000l\000u\000d\000e\000\137\000r\000e\000s\000e\000r\000v\000e\000d\000\137\000w\000o\000r\000d\000s\000\040\143\222\226\144\121\163\225\056\133\127}{chapter.3}% 56
\BOOKMARK [1][-]{section.3.5}{\376\377\000m\000a\000x\000\137\000l\000o\000c\000k\000s\000\137\000p\000e\000r\000\137\000t\000r\000a\000n\000s\000a\000c\000t\000i\000o\000n\213\276\177\156\217\307\131\047\137\025\123\321\145\160\143\156\136\223\124\057\122\250\225\356\230\230}{chapter.3}% 57
\BOOKMARK [1][-]{section.3.6}{\376\377\000m\000a\000x\000\137\000i\000d\000e\000n\000t\000i\000f\000i\000e\000r\000\137\000l\000e\000n\000g\000t\000h}{chapter.3}% 58
\BOOKMARK [1][-]{section.3.7}{\376\377\145\160\143\156\136\223\124\057\122\250\131\061\215\045\377\014\142\245\040\034\121\205\133\130\153\265\215\205\217\307\123\357\165\050\121\205\133\130\040\035}{chapter.3}% 59
\BOOKMARK [0][-]{chapter.4}{\376\377\000L\000i\000c\000e\000n\000s\000e\000\040\166\370\121\163}{}% 60
\BOOKMARK [1][-]{section.4.1}{\376\377\131\202\117\125\147\345\213\342\000l\000i\000c\000e\000n\000s\000e\147\011\145\110\145\366\225\364}{chapter.4}% 61
\BOOKMARK [1][-]{section.4.2}{\376\377\131\202\117\125\147\345\213\342\000l\000i\000c\000e\000n\000s\000e\133\214\145\164\117\341\140\157}{chapter.4}% 62
\BOOKMARK [1][-]{section.4.3}{\376\377\131\202\117\125\147\345\213\342\000l\000i\000c\000e\000n\000s\000e\123\125\230\171\117\341\140\157}{chapter.4}% 63
\BOOKMARK [1][-]{section.4.4}{\376\377\146\377\143\142\000l\000i\000c\000e\000n\000s\000e\153\145\232\244}{chapter.4}% 64
\BOOKMARK [1][-]{section.4.5}{\376\377\146\377\143\142\000l\000i\000c\000e\000n\000s\000e\146\057\124\046\211\201\221\315\124\057\145\160\143\156\136\223}{chapter.4}% 65
\BOOKMARK [1][-]{section.4.6}{\376\377\131\202\117\125\122\044\145\255\000l\000i\000c\000e\000n\000s\000e\147\011\145\110}{chapter.4}% 66
\BOOKMARK [1][-]{section.4.7}{\376\377\000L\000i\000c\000e\000n\000s\000e\116\016\177\121\123\141}{chapter.4}% 67
\BOOKMARK [1][-]{section.4.8}{\376\377\000B\000o\000n\000d\177\121\123\141\122\007\143\142\000l\000i\000c\000e\000n\000s\000e\145\057\143\001\225\356\230\230}{chapter.4}% 68
\BOOKMARK [0][-]{chapter.5}{\376\377\142\151\134\125\176\304\116\366}{}% 69
\BOOKMARK [1][-]{section.5.1}{\376\377\131\202\117\125\147\345\167\013\174\373\176\337\146\057\124\046\145\057\143\001\147\320\176\304\116\366}{chapter.5}% 70
\BOOKMARK [1][-]{section.5.2}{\376\377\000o\000r\000a\000c\000l\000e\000\137\000f\000d\000w\145\057\143\001\136\163\123\360}{chapter.5}% 71
\BOOKMARK [1][-]{section.5.3}{\376\377\000c\000r\000e\000a\000t\000e\000\040\000e\000x\000t\000e\000n\000s\000i\000o\000n\000\040\000o\000r\000a\000c\000l\000e\000\137\000f\000d\000w\142\245\000.\000s\000o\142\176\116\015\122\060\122\240\217\175\131\061\215\045}{chapter.5}% 72
\BOOKMARK [1][-]{section.5.4}{\376\377\000o\000r\000a\000c\000l\000e\000\137\000f\000d\000w\145\057\143\001\122\237\200\375}{chapter.5}% 73
\BOOKMARK [1][-]{section.5.5}{\376\377\000S\000y\000s\000\137\000p\000a\000t\000h\000m\000a\000n}{chapter.5}% 74
\BOOKMARK [1][-]{section.5.6}{\376\377\000S\000e\000p\000a\000r\000a\000t\000e\000\137\000p\000o\000w\000e\000r}{chapter.5}% 75
\BOOKMARK [1][-]{section.5.7}{\376\377\000S\000y\000s\000a\000u\000d\000i\000t}{chapter.5}% 76
\BOOKMARK [2][-]{subsection.5.7.1}{\376\377\131\202\117\125\122\040\226\144\213\355\123\345\133\241\213\241\145\345\137\327\377\037}{section.5.7}% 77
\BOOKMARK [0][-]{chapter.6}{\376\377\172\172\225\364\176\304\116\366}{}% 78
\BOOKMARK [1][-]{section.6.1}{\376\377\000C\000r\000e\000a\000t\000e\000\040\000e\000x\000t\000e\000n\000s\000i\000o\000n\000\040\000p\000o\000s\000t\000g\000r\000i\000s\000\040\142\245\225\031\040\034\000G\000L\000I\000B\000C\000\137\0002\000.\0001\0008\000\040\000n\000o\000t\000\040\000d\000e\000f\000i\000n\000e\000d\000\040\000i\000n\000\040\000f\000i\000l\000e\000\040\000l\000i\000b\000c\000.\000s\000o\000.\0006\040\035}{chapter.6}% 79
\BOOKMARK [1][-]{section.6.2}{\376\377\000a\000c\000g\000i\000s\162\110\147\054\131\007\116\375\217\330\123\237}{chapter.6}% 80
\BOOKMARK [1][-]{section.6.3}{\376\377\000R\0006\000\040\146\057\124\046\145\057\143\001\215\205\126\376}{chapter.6}% 81
\BOOKMARK [0][-]{chapter.7}{\376\377\174\373\176\337\173\241\164\006\174\173}{}% 82
\BOOKMARK [1][-]{section.7.1}{\376\377\000[\000K\000E\000S\000V\0008\000R\0002\000/\000R\0003\000]\210\150\127\050\143\007\133\232\210\150\172\172\225\364\377\014\116\072\117\125\146\076\171\072\116\072\236\330\213\244\210\150\172\172\225\364\377\037}{chapter.7}% 83
\BOOKMARK [1][-]{section.7.2}{\376\377\116\072\116\300\116\110\000s\000y\000s\000\137\000c\000l\000a\000s\000s\221\314\146\076\171\072\166\204\137\210\131\032\210\150\166\204\000\240\000R\000E\000L\000T\000A\000B\000L\000E\000S\000P\000A\000C\000E\120\074\116\072\000\240\0000\377\037}{chapter.7}% 84
\BOOKMARK [1][-]{section.7.3}{\376\377\000K\000E\000S\147\011\116\300\116\110\122\236\154\325\377\014\236\330\213\244\116\015\213\373\123\326\000s\000y\000s\000\137\000c\000a\000t\000a\000l\000o\000g\116\013\166\204\174\373\176\337\211\306\126\376\377\037}{chapter.7}% 85
\BOOKMARK [1][-]{section.7.4}{\376\377\177\121\176\277\142\324\143\322\124\016\377\014\000I\000P\116\042\131\061\225\356\230\230}{chapter.7}% 86
\BOOKMARK [0][-]{chapter.8}{\376\377\135\345\121\167\174\173}{}% 87
\BOOKMARK [1][-]{section.8.1}{\376\377\133\242\142\067\172\357\217\336\143\245\142\176\000\240\000.\000s\000.\000P\000G\000S\000Q\000L\000.\0005\0004\0003\0002}{chapter.8}% 88
\BOOKMARK [1][-]{section.8.2}{\376\377\133\242\142\067\172\357\173\241\164\006\135\345\121\167\145\340\154\325\122\240\217\175\000E\000R\126\376\225\356\230\230}{chapter.8}% 89
\BOOKMARK [1][-]{section.8.3}{\376\377\131\202\117\125\117\356\145\071\173\241\164\006\135\345\121\167\000c\000l\000i\000e\000n\000t\000\137\000e\000n\000c\000o\000d\000i\000n\000g}{chapter.8}% 90
\BOOKMARK [1][-]{section.8.4}{\376\377\217\301\171\373\135\345\121\167\133\371\116\216\124\014\124\015\133\371\214\141\131\004\164\006}{chapter.8}% 91
\BOOKMARK [1][-]{section.8.5}{\376\377\145\160\143\156\217\301\171\373\142\245\040\034\000i\000n\000v\000a\000l\000i\000d\000\040\000b\000y\000t\000e\000\040\000s\000e\000q\000u\000e\000n\000c\000e\000\040\000f\000o\000r\000\040\000e\000n\000c\000o\000d\000i\000n\000g\000\040\000"\000U\000T\000F\0008\000"\000:\000\040\0000\000x\0000\0000\000\040\000"}{chapter.8}% 92
\BOOKMARK [1][-]{section.8.6}{\376\377\137\000\131\313\203\334\123\125\154\241\147\011\145\160\143\156\136\223\137\353\143\167\135\345\121\167\126\376\150\007}{chapter.8}% 93
\BOOKMARK [1][-]{section.8.7}{\376\377\177\072\134\021\144\315\117\134\174\373\176\337\000G\000U\000I\176\304\116\366}{chapter.8}% 94
\BOOKMARK [1][-]{section.8.8}{\376\377\000R\0003\133\242\142\067\172\357\145\340\154\325\117\177\165\050\000s\000c\000r\000a\000m\000-\000s\000h\000a\000-\0002\0005\0006\213\244\213\301}{chapter.8}% 95
\BOOKMARK [1][-]{section.8.9}{\376\377\000u\000n\000d\000e\000f\000i\000n\000e\000d\000\040\000s\000y\000m\000b\000o\000l\000:\000\040\000P\000q\000g\000s\000s\000E\000n\000c\000I\000n\000U\000s\000e}{chapter.8}% 96
\BOOKMARK [1][-]{section.8.10}{\376\377\000B\000u\000l\000k\000l\000o\000a\000d\136\166\210\114\122\240\217\175\142\245\225\031}{chapter.8}% 97
\BOOKMARK [0][-]{chapter.9}{\376\377\145\160\143\156\133\211\121\150}{}% 98
\BOOKMARK [1][-]{section.9.1}{\376\377\000S\000y\000s\000\137\000r\000m\000a\000n\131\007\116\375\142\245\040\034\000c\000u\000r\000r\000e\000n\000t\000\040\000t\000i\000m\000e\000\040\000m\000a\000y\000\040\000b\000e\000\040\000r\000e\000w\000o\000u\000n\000d\040\035}{chapter.9}% 99
\BOOKMARK [1][-]{section.9.2}{\376\377\131\202\117\125\133\374\121\372\116\000\201\364\145\366\225\364\160\271\166\204\145\160\143\156}{chapter.9}% 100
\BOOKMARK [1][-]{section.9.3}{\376\377\175\042\137\025\225\356\230\230\133\374\201\364\145\160\143\156\213\277\225\356\225\356\230\230}{chapter.9}% 101
\BOOKMARK [0][-]{chapter.10}{\376\377\000T\000P\000C\000C\155\113\213\325\174\173}{}% 102
\BOOKMARK [1][-]{section.10.1}{\376\377\000t\000p\000c\000c\155\113\213\325\116\055\146\057\124\046\227\000\211\201\137\000\124\057\000a\000u\000t\000o\000v\000a\000c\000u\000u\000m}{chapter.10}% 103
\BOOKMARK [1][-]{section.10.2}{\376\377\000i\000n\000d\000e\000x\000\137\000c\000u\000r\000s\000o\000r\000\137\000i\000d\123\302\145\160\166\204\145\160\120\074\146\057\126\372\133\232\166\204\116\110\377\037}{chapter.10}% 104
\BOOKMARK [1][-]{section.10.3}{\376\377\127\050\000t\000p\000c\000c\155\113\213\325\116\055\000u\000n\000i\000x\000d\000o\000m\000a\000i\000n\117\134\165\050\146\057\377\037}{chapter.10}% 105
\BOOKMARK [1][-]{section.10.4}{\376\377\226\306\177\244\163\257\130\203\116\013\155\113\213\325\000t\000p\000c\000c\217\336\143\245\123\302\145\160\140\016\150\067\221\115\177\156\377\037}{chapter.10}% 106
\BOOKMARK [0][-]{chapter.11}{\376\377\143\245\123\343}{}% 107
\BOOKMARK [1][-]{section.11.1}{\376\377\000J\000D\000B\000C\143\245\123\343}{chapter.11}% 108
\BOOKMARK [2][-]{subsection.11.1.1}{\376\377\000J\000D\000B\000C\142\123\137\000\145\345\137\327\145\271\137\017}{section.11.1}% 109
\BOOKMARK [2][-]{subsection.11.1.2}{\376\377\154\241\147\011\000V\000I\000P\140\305\121\265\116\013\377\014\000J\000D\000B\000C\217\336\143\245\131\202\117\125\221\115\177\156\377\037}{section.11.1}% 110
\BOOKMARK [2][-]{subsection.11.1.3}{\376\377\000V\0008\000R\0006\000\040\000J\000D\000B\000C\200\375\124\046\117\177\165\050\000V\000I\000P\377\037}{section.11.1}% 111
\BOOKMARK [2][-]{subsection.11.1.4}{\376\377\000L\000O\000B\133\371\214\141\000u\000p\000d\000a\000t\000e\147\072\122\066}{section.11.1}% 112
\BOOKMARK [2][-]{subsection.11.1.5}{\376\377\000K\000B\000B\000l\000o\000b\000\040\217\301\171\373\201\363\000O\000r\000a\000c\000l\000e}{section.11.1}% 113
\BOOKMARK [2][-]{subsection.11.1.6}{\376\377\000J\000D\000B\000C\166\204\000j\000a\000r\123\005\227\000\211\201\123\072\122\006\000J\000D\000K\162\110\147\054\377\014\227\000\211\201\123\072\122\006\000O\000S\124\214\000C\000P\000U\136\163\123\360\124\027\377\037}{section.11.1}% 114
\BOOKMARK [2][-]{subsection.11.1.7}{\376\377\000J\000D\000B\000C\166\204\217\336\143\245\123\302\145\160\123\352\200\375\220\032\217\307\000U\000R\000L\116\062\147\145\130\153\121\231\124\027\377\037}{section.11.1}% 115
\BOOKMARK [2][-]{subsection.11.1.8}{\376\377\131\202\117\125\117\177\165\050\000J\000D\000B\000C\221\115\177\156\145\207\116\366\145\271\137\017\377\037}{section.11.1}% 116
\BOOKMARK [2][-]{subsection.11.1.9}{\376\377\000J\000D\000B\000C\213\373\121\231\122\006\171\273\140\016\116\110\142\123\137\000\121\163\225\355\000?}{section.11.1}% 117
\BOOKMARK [2][-]{subsection.11.1.10}{\376\377\000J\000D\000B\000C\000\040\213\373\121\231\122\006\171\273\220\375\227\000\211\201\221\115\177\156\124\352\116\233\123\302\145\160\377\037}{section.11.1}% 118
\BOOKMARK [2][-]{subsection.11.1.11}{\376\377\000J\000D\000B\000C\213\373\121\231\122\006\171\273\116\000\116\073\116\044\131\007\166\204\000U\000R\000L\124\214\221\115\177\156\145\207\116\366\166\204\150\067\117\213}{section.11.1}% 119
\BOOKMARK [2][-]{subsection.11.1.12}{\376\377\000J\000D\000B\000C\217\336\143\245\154\140\122\237\200\375\377\014\146\057\124\046\137\000\124\057\377\014\137\000\124\057\124\016\166\204\122\237\200\375\123\312\140\047\200\375}{section.11.1}% 120
\BOOKMARK [2][-]{subsection.11.1.13}{\376\377\000J\000D\000B\000C\213\373\121\231\122\006\171\273\221\115\177\156\123\302\145\160\117\235\215\126\121\163\174\373}{section.11.1}% 121
\BOOKMARK [2][-]{subsection.11.1.14}{\376\377\000J\000D\000B\000C\213\373\121\231\122\006\171\273\127\050\124\352\116\233\140\305\121\265\116\013\221\315\123\321\116\137\116\015\117\032\142\020\122\237}{section.11.1}% 122
\BOOKMARK [2][-]{subsection.11.1.15}{\376\377\000J\000D\000B\000C\213\373\121\231\122\006\171\273\122\006\123\321\173\126\165\145}{section.11.1}% 123
\BOOKMARK [2][-]{subsection.11.1.16}{\376\377\000J\000D\000B\000C\213\373\121\231\122\006\171\273\166\370\121\163\123\302\145\160\236\330\213\244\120\074}{section.11.1}% 124
\BOOKMARK [2][-]{subsection.11.1.17}{\376\377\226\306\177\244\162\266\140\001\153\143\136\070\377\014\000s\000o\000c\000k\000e\000t\000t\000i\000m\000e\000o\000u\000t\213\276\177\156\131\047\116\216\0000\145\366\377\014\116\072\116\300\116\110\142\147\210\114\145\366\225\364\215\205\225\177\166\204\116\213\162\151\117\032\131\061\215\045\136\166\133\374\201\364\000j\000d\000b\000c\221\315\136\372\217\336\143\245\377\037}{section.11.1}% 125
\BOOKMARK [2][-]{subsection.11.1.18}{\376\377\116\073\131\007\122\007\143\142\124\016\377\014\131\007\147\072\000r\000e\000w\000i\000n\000d\377\014\142\026\200\005\131\007\147\072\145\105\226\234\124\016\377\014\131\007\147\072\140\142\131\015\145\366\116\072\116\300\116\110\000\040\131\007\147\072\166\204\217\336\143\245\145\160\146\057\143\001\176\355\116\012\123\107\377\014\200\014\116\015\146\057\116\000\153\041\140\047\121\150\220\350\136\372\131\175\377\037}{section.11.1}% 126
\BOOKMARK [2][-]{subsection.11.1.19}{\376\377\116\073\147\072\122\007\147\072\124\016\377\014\136\224\165\050\173\054\116\000\153\041\166\173\226\106\000W\000E\000B\141\142\377\014\000J\000D\000B\000C\173\111\137\205\145\366\225\364\122\006\147\220}{section.11.1}% 127
\BOOKMARK [2][-]{subsection.11.1.20}{\376\377\000J\000D\000B\000C\142\123\137\000\145\345\137\327\145\271\137\017}{section.11.1}% 128
\BOOKMARK [2][-]{subsection.11.1.21}{\376\377\000J\000D\000B\000C\000\040\142\245\225\031\377\032\145\340\145\110\166\204\000\040\000"\000U\000T\000F\0008\000"\000\040\177\026\170\001\133\127\202\202\230\172\136\217}{section.11.1}% 129
\BOOKMARK [2][-]{subsection.11.1.22}{\376\377\174\373\176\337\000J\000V\000M\124\214\136\224\165\050\124\214\000J\000D\000B\000C\124\214\145\160\143\156\136\223\177\026\170\001\116\113\225\364\166\204\121\163\174\373}{section.11.1}% 130
\BOOKMARK [2][-]{subsection.11.1.23}{\376\377\000V\0007\000\040\000V\0008\000\040\000J\000D\000B\000C\000\040\155\367\165\050\225\356\230\230}{section.11.1}% 131
\BOOKMARK [2][-]{subsection.11.1.24}{\376\377\000J\000D\000B\000C\213\373\121\231\122\006\171\273\152\041\137\017\155\367\155\306\142\176\116\015\122\060\210\150}{section.11.1}% 132
\BOOKMARK [2][-]{subsection.11.1.25}{\376\377\000J\000D\000B\000C\213\373\121\231\122\006\171\273\145\345\137\327\122\006\147\220\122\236\154\325}{section.11.1}% 133
\BOOKMARK [2][-]{subsection.11.1.26}{\376\377\000J\000D\000B\000C\117\177\165\050\000S\000S\000L\122\240\133\306}{section.11.1}% 134
\BOOKMARK [2][-]{subsection.11.1.27}{\376\377\000J\000D\000B\000C\136\070\211\301\137\002\136\070}{section.11.1}% 135
\BOOKMARK [2][-]{subsection.11.1.28}{\376\377\000J\000D\000B\000C\213\373\123\326\000B\000L\000O\000B\116\161\170\001}{section.11.1}% 136
\BOOKMARK [2][-]{subsection.11.1.29}{\376\377\213\373\121\231\122\006\171\273\122\006\123\321\163\260\214\141\122\006\147\220}{section.11.1}% 137
\BOOKMARK [2][-]{subsection.11.1.30}{\376\377\000c\000o\000m\000.\000k\000i\000n\000g\000b\000a\000s\000e\0008\000.\000u\000t\000i\000l\000.\000K\000S\000Q\000L\000E\000x\000c\000e\000p\000t\000i\000o\000n\000:\000\040\000E\000R\000R\000O\000R\000:\000\040\000t\000y\000p\000e\000\040\000"\000q\000"\000\040\000d\000o\000e\000s\000\040\000n\000o\000t\000\040\000e\000x\000i\000s\000t\377\010\000R\0006\377\011}{section.11.1}% 138
\BOOKMARK [2][-]{subsection.11.1.31}{\376\377\000f\000e\000t\000c\000h\000s\000i\000z\000e\122\237\200\375}{section.11.1}% 139
\BOOKMARK [2][-]{subsection.11.1.32}{\376\377\124\014\145\366\117\177\165\050\000R\0003\124\214\000R\0006\377\014\000j\000a\000r\123\005\121\262\172\201\166\204\211\343\121\263\145\271\150\110}{section.11.1}% 140
\BOOKMARK [2][-]{subsection.11.1.33}{\376\377\131\202\117\125\147\345\167\013\000j\000a\000r\123\005\166\204\162\110\147\054\123\367\377\037}{section.11.1}% 141
\BOOKMARK [1][-]{section.11.2}{\376\377\000S\000p\000r\000i\000n\000g\000-\000J\000D\000B\000C\000\040\136\070\211\301\225\356\230\230}{chapter.11}% 142
\BOOKMARK [2][-]{subsection.11.2.1}{\376\377\131\047\133\127\153\265\166\204\213\276\177\156\000-\000-\000l\000o\000b\000H\000a\000n\000d\000l\000e\000r}{section.11.2}% 143
\BOOKMARK [2][-]{subsection.11.2.2}{\376\377\000C\000a\000n\000n\000o\000t\000\040\000d\000e\000t\000e\000r\000m\000i\000n\000e\000\040\000a\000\040\000d\000i\000a\000l\000e\000c\000t\000\040\000f\000o\000r\000\040\000o\000r\000g\000.\000s\000p\000r\000i\000n\000g\000f\000r\000a\000m\000e\000w\000o\000r\000k\000.\000j\000d\000b\000c\000.\000c\000o\000r\000e}{section.11.2}% 144
\BOOKMARK [1][-]{section.11.3}{\376\377\000H\000i\000b\000e\000r\000n\000a\000t\000e\117\177\165\050\136\070\211\301\225\356\230\230}{chapter.11}% 145
\BOOKMARK [2][-]{subsection.11.3.1}{\376\377\000H\000i\000b\000e\000r\000n\000a\000t\000e\117\177\165\050\227\000\211\201\221\115\177\156\145\271\212\000\123\005}{section.11.3}% 146
\BOOKMARK [2][-]{subsection.11.3.2}{\376\377\000V\0008\000\040\000H\000i\000b\000e\000r\000n\000a\000t\000e\227\136\154\325\000l\000o\000n\000g\120\074\225\356\230\230}{section.11.3}% 147
\BOOKMARK [2][-]{subsection.11.3.3}{\376\377\000H\000i\000b\000e\000r\000n\000a\000t\000e\000\040\145\340\154\325\170\156\133\232\123\302\145\160\174\173\127\213\000\044\0001}{section.11.3}% 148
\BOOKMARK [2][-]{subsection.11.3.4}{\376\377\000H\000i\000b\000e\000r\000n\000a\000t\000e\000\040\225\031\213\357\000:\000\040\133\127\153\265\166\204\174\173\127\213\116\072\000\040\000T\000E\000X\000T\000,\000\040\117\106\210\150\217\276\137\017\166\204\174\173\127\213\116\072\000\040\000B\000Y\000T\000E\000A\117\140\227\000\211\201\221\315\121\231\142\026\217\154\143\142\210\150\217\276\137\017}{section.11.3}% 149
\BOOKMARK [2][-]{subsection.11.3.5}{\376\377\000H\000i\000b\000e\000r\000n\000a\000t\000e\143\247\122\066\217\223\121\372\167\037\133\236\000S\000Q\000L\145\345\137\327}{section.11.3}% 150
\BOOKMARK [2][-]{subsection.11.3.6}{\376\377\000S\000p\000r\000i\000n\000g\000b\000o\000o\000t\000\040\000J\000P\000A\221\115\177\156\145\271\212\000\123\005\225\356\230\230}{section.11.3}% 151
\BOOKMARK [2][-]{subsection.11.3.7}{\376\377\000h\000i\000b\000e\000r\000n\000a\000t\000e\000-\000s\000p\000a\000t\000i\000a\000l\145\271\212\000\123\005\221\115\177\156}{section.11.3}% 152
\BOOKMARK [2][-]{subsection.11.3.8}{\376\377\000h\000i\000b\000e\000r\000n\000a\000t\000e\117\177\165\050\000n\000u\000m\000e\000r\000i\000c\142\026\000c\000h\000a\000r\000\050\0001\000\051\146\040\134\004\000j\000a\000v\000a\166\204\000b\000o\000o\000l\000e\000a\000n}{section.11.3}% 153
\BOOKMARK [2][-]{subsection.11.3.9}{\376\377\000T\000h\000e\000\040\000c\000o\000l\000u\000m\000n\000\040\000n\000a\000m\000e\000\040\000s\000e\000q\000u\000e\000n\000c\000e\000\137\000c\000a\000t\000a\000l\000o\000g\000\040\000w\000a\000s\000\040\000n\000o\000t\000\040\000f\000o\000u\000n\000d\000\040\000i\000n\000\040\000t\000h\000i\000s\000\040\000R\000e\000s\000u\000l\000t\000S\000e\000t\000.}{section.11.3}% 154
\BOOKMARK [2][-]{subsection.11.3.10}{\376\377\116\073\225\056\201\352\130\236\173\126\165\145\000h\000i\000l\000o}{section.11.3}% 155
\BOOKMARK [2][-]{subsection.11.3.11}{\376\377\000M\000e\000t\000h\000o\000d\000\040\000c\000o\000m\000.\000k\000i\000n\000g\000b\000a\000s\000e\0008\000.\000j\000d\000b\000c\000.\000K\000b\000P\000r\000e\000p\000a\000r\000e\000d\000S\000t\000a\000t\000e\000m\000e\000n\000t\000.\000s\000e\000t\000C\000h\000a\000r\000a\000c\000t\000e\000r\000S\000t\000r\000e\000a\000m\000\050\000i\000n\000t\000,\000\040\000R\000e\000a\000d\000e\000r\000,\000\040\000l\000o\000n\000g\000\051\000\040\000i\000s\000\040\000n\000o\000t\000\040\000y\000e\000t\000\040\000i\000m\000p\000l\000e\000m\000e\000n\000t\000e\000d\000.}{section.11.3}% 156
\BOOKMARK [2][-]{subsection.11.3.12}{\376\377\000H\000i\000b\000e\000r\000n\000a\000t\000e\166\204\000h\000q\000l\116\015\145\057\143\001\220\350\122\006\145\160\143\156\136\223\121\375\145\160\166\204\117\177\165\050}{section.11.3}% 157
\BOOKMARK [2][-]{subsection.11.3.13}{\376\377\000H\000i\000b\000e\000r\000n\000a\000t\000e\213\276\177\156\116\072\000u\000p\000d\000a\000t\000e\135\362\176\317\136\372\131\175\210\150\377\014\116\315\145\347\123\273\136\372\210\150}{section.11.3}% 158
\BOOKMARK [2][-]{subsection.11.3.14}{\376\377\000j\000a\000v\000a\000.\000l\000a\000n\000g\000.\000N\000o\000S\000u\000c\000h\000M\000e\000t\000h\000o\000d\000E\000r\000r\000o\000r\000:\000\040\000j\000a\000v\000a\000x\000.\000p\000e\000r\000s\000i\000s\000t\000e\000n\000c\000e\000.\000T\000a\000b\000l\000e\000.\000i\000n\000d\000e\000x\000e\000s\000\050\000\051\000[\000L\000j\000a\000v\000a\000x\000/\000p\000e\000r\000s\000i\000s\000t\000e\000n\000c\000e\000/\000I\000n\000d\000e\000x\000;}{section.11.3}% 159
\BOOKMARK [2][-]{subsection.11.3.15}{\376\377\210\150\123\326\124\015\000u\000s\000e\000r\140\016\116\110\211\304\220\177\377\037}{section.11.3}% 160
\BOOKMARK [2][-]{subsection.11.3.16}{\376\377\121\166\133\203\152\041\137\017\116\013\147\011\124\014\124\015\210\150\377\014\133\374\201\364\137\123\122\115\152\041\137\017\154\241\147\011\210\150\117\106\147\052\123\273\136\372\210\150}{section.11.3}% 161
\BOOKMARK [1][-]{section.11.4}{\376\377\000M\000y\000b\000a\000t\000i\000s\000\040\136\070\211\301\225\356\230\230}{chapter.11}% 162
\BOOKMARK [2][-]{subsection.11.4.1}{\376\377\000M\000y\000b\000a\000t\000i\000s\213\276\177\156\000S\000Q\000L\215\205\145\366\145\366\225\364}{section.11.4}% 163
\BOOKMARK [2][-]{subsection.11.4.2}{\376\377\000M\000y\000b\000a\000t\000i\000s\227\136\154\325\000l\000o\000n\000g\120\074\225\356\230\230}{section.11.4}% 164
\BOOKMARK [2][-]{subsection.11.4.3}{\376\377\000M\000y\000b\000a\000t\000i\000s\000\040\142\245\225\031\377\032\133\127\153\265\166\204\174\173\127\213\116\072\000\040\000T\000E\000X\000T\000,\000\040\117\106\210\150\217\276\137\017\166\204\174\173\127\213\116\072\000\040\000B\000Y\000T\000E\000A\117\140\227\000\211\201\221\315\121\231\142\026\217\154\143\142\210\150\217\276\137\017}{section.11.4}% 165
\BOOKMARK [2][-]{subsection.11.4.4}{\376\377\000M\000y\000b\000a\000t\000i\000s\000\040\143\247\122\066\000J\000D\000B\000C\136\225\134\102\116\015\215\160\230\204\177\026\213\321}{section.11.4}% 166
\BOOKMARK [2][-]{subsection.11.4.5}{\376\377\000M\000y\000b\000a\000t\000i\000s\000\040\143\247\122\066\000B\000i\000n\000d\123\302\145\160}{section.11.4}% 167
\BOOKMARK [2][-]{subsection.11.4.6}{\376\377\000M\000y\000b\000a\000t\000i\000s\000\040\117\177\165\050\000p\000a\000g\000e\000h\000e\000l\000p\000e\000r\143\322\116\366}{section.11.4}% 168
\BOOKMARK [2][-]{subsection.11.4.7}{\376\377\000M\000y\000b\000a\000t\000i\000s\000\040\117\177\165\050\201\352\122\250\217\324\126\336\116\073\225\056\122\237\200\375}{section.11.4}% 169
\BOOKMARK [2][-]{subsection.11.4.8}{\376\377\000M\000y\000b\000a\000t\000i\000s\221\115\177\156\000d\000a\000t\000a\000b\000a\000s\000e\000I\000d}{section.11.4}% 170
\BOOKMARK [2][-]{subsection.11.4.9}{\376\377\000M\000y\000b\000a\000t\000i\000s\117\177\165\050\123\077\124\015\127\127\143\322\121\145\213\355\123\345\142\245\225\031}{section.11.4}% 171
\BOOKMARK [2][-]{subsection.11.4.10}{\376\377\000M\000y\000b\000a\000t\000i\000s\117\177\165\050\000S\000c\000r\000i\000p\000t\000R\000u\000n\000n\000e\000r\142\147\210\114\124\053\000p\000l\000s\000q\000l\166\204\000s\000q\000l\201\032\147\054\142\245\225\031}{section.11.4}% 172
\BOOKMARK [2][-]{subsection.11.4.11}{\376\377\000M\000y\000b\000a\000t\000i\000s\117\177\165\050\156\070\150\007\166\204\154\350\121\214\145\271\137\017}{section.11.4}% 173
\BOOKMARK [2][-]{subsection.11.4.12}{\376\377\000M\000y\000b\000a\000t\000i\000s\121\231\000j\000s\000o\000n\174\173\127\213\171\072\117\213}{section.11.4}% 174
\BOOKMARK [1][-]{section.11.5}{\376\377\000M\000y\000b\000a\000t\000i\000s\000-\000p\000l\000u\000s\136\070\211\301\225\356\230\230}{chapter.11}% 175
\BOOKMARK [2][-]{subsection.11.5.1}{\376\377\000M\000y\000b\000a\000t\000i\000s\000-\000p\000l\000u\000s\117\177\165\050}{section.11.5}% 176
\BOOKMARK [1][-]{section.11.6}{\376\377\000A\000c\000t\000i\000v\000i\000t\000i\117\177\165\050\136\070\211\301\225\356\230\230}{chapter.11}% 177
\BOOKMARK [2][-]{subsection.11.6.1}{\376\377\000A\000c\000t\000i\000v\000i\000t\000i\117\177\165\050}{section.11.6}% 178
\BOOKMARK [1][-]{section.11.7}{\376\377\000M\000a\000v\000e\000n\000\040\116\323\136\223\117\177\165\050\136\070\211\301\225\356\230\230}{chapter.11}% 179
\BOOKMARK [2][-]{subsection.11.7.1}{\376\377\000M\000a\000v\000e\000n\147\054\127\060\116\323\136\223\117\177\165\050\000K\000i\000n\000g\000b\000a\000s\000e\000E\000S\166\204\000J\000D\000B\000C\232\161\122\250}{section.11.7}% 180
\BOOKMARK [2][-]{subsection.11.7.2}{\376\377\000M\000a\000v\000e\000n\147\054\127\060\116\323\136\223\117\177\165\050\000K\000i\000n\000g\000b\000a\000s\000e\000E\000S\166\204\000d\000i\000a\000l\000e\000c\000t\145\271\212\000\123\005}{section.11.7}% 181
\BOOKMARK [1][-]{section.11.8}{\376\377\000D\000r\000u\000i\000d\000\040\145\160\143\156\136\223\217\336\143\245\154\140\221\115\177\156\225\356\230\230}{chapter.11}% 182
\BOOKMARK [2][-]{subsection.11.8.1}{\376\377\000D\000r\000u\000i\000d\000\040\221\115\177\156\126\375\116\247\221\321\116\323\145\160\143\156\136\223}{section.11.8}% 183
\BOOKMARK [2][-]{subsection.11.8.2}{\376\377\000D\000r\000u\000i\000d\000\040\221\115\177\156\117\213\133\120}{section.11.8}% 184
\BOOKMARK [2][-]{subsection.11.8.3}{\376\377\000D\000r\000u\000i\000d\166\204\217\336\143\245\137\072\122\066\126\336\145\066}{section.11.8}% 185
\BOOKMARK [1][-]{section.11.9}{\376\377\000C\0003\000P\0000\217\336\143\245\154\140\221\115\177\156\225\356\230\230}{chapter.11}% 186
\BOOKMARK [2][-]{subsection.11.9.1}{\376\377\136\070\165\050\000C\0003\000p\0000\221\115\177\156\221\321\116\323\000V\0008\145\160\143\156\136\223}{section.11.9}% 187
\BOOKMARK [1][-]{section.11.10}{\376\377\000D\000B\000C\000P\217\336\143\245\154\140\221\115\177\156\225\356\230\230}{chapter.11}% 188
\BOOKMARK [2][-]{subsection.11.10.1}{\376\377\136\070\165\050\000d\000b\000c\000p\221\115\177\156\221\321\116\323\000V\0008\145\160\143\156\136\223}{section.11.10}% 189
\BOOKMARK [1][-]{section.11.11}{\376\377\000A\000p\000a\000c\000h\000e\000\040\000J\000a\000m\000e\000s\220\002\221\115}{chapter.11}% 190
\BOOKMARK [1][-]{section.11.12}{\376\377\000P\000d\000o\143\245\123\343\136\070\211\301\225\356\230\230}{chapter.11}% 191
\BOOKMARK [2][-]{subsection.11.12.1}{\376\377\133\374\121\145\232\161\122\250\131\061\215\045}{section.11.12}% 192
\BOOKMARK [2][-]{subsection.11.12.2}{\376\377\122\240\217\175\000\040\000P\000D\000O\000\137\000K\000D\000B\000\040\142\245\225\031}{section.11.12}% 193
\BOOKMARK [2][-]{subsection.11.12.3}{\376\377\000P\000H\000P\166\204\176\277\172\013\133\211\121\150\124\214\227\136\176\277\172\013\133\211\121\150}{section.11.12}% 194
\BOOKMARK [2][-]{subsection.11.12.4}{\376\377\117\177\165\050\166\204\000P\000D\000O\232\161\122\250\116\016\000P\000H\000P\162\110\147\054\116\015\123\071\221\115}{section.11.12}% 195
\BOOKMARK [2][-]{subsection.11.12.5}{\376\377\000W\000i\000n\000d\000o\000w\000s\116\013\117\177\165\050\000P\000D\000O\232\161\122\250\166\204\145\271\154\325}{section.11.12}% 196
\BOOKMARK [2][-]{subsection.11.12.6}{\376\377\000t\000h\000i\000n\000k\000p\000h\000p\117\177\165\050\217\307\172\013\116\055\142\245\121\375\145\160\116\015\133\130\127\050\166\204\225\356\230\230}{section.11.12}% 197
\BOOKMARK [2][-]{subsection.11.12.7}{\376\377\220\032\217\307\221\321\207\166\173\111\116\055\225\364\116\366\147\345\167\013\232\161\122\250\122\240\217\175\117\341\140\157\145\366\377\014\167\013\116\015\122\060\000p\000d\000o\000\137\000k\000d\000b\142\026\200\005\000p\000d\000o\000\137\000p\000g\000s\000q\000l\166\204\117\341\140\157}{section.11.12}% 198
\BOOKMARK [1][-]{section.11.13}{\376\377\000T\000h\000i\000n\000k\000P\000H\000P\143\245\123\343\136\070\211\301\225\356\230\230}{chapter.11}% 199
\BOOKMARK [2][-]{subsection.11.13.1}{\376\377\131\202\117\125\127\050\144\055\136\372\000T\000h\000i\000n\000k\000p\000h\000p\000+\000a\000p\000a\000c\000h\000e\000+\000k\000d\000b\163\257\130\203}{section.11.13}% 200
\BOOKMARK [3][-]{subsubsection.11.13.1.1}{\376\377\000a\000p\000a\000c\000h\000e\163\257\130\203\144\055\136\372}{subsection.11.13.1}% 201
\BOOKMARK [4][-]{paragraph.11.13.1.1.1}{\376\377\156\220\170\001\177\026\213\321}{subsubsection.11.13.1.1}% 202
\BOOKMARK [4][-]{paragraph.11.13.1.1.2}{\376\377\221\115\177\156\000h\000t\000t\000p\000d\000.\000c\000o\000n\000f}{subsubsection.11.13.1.1}% 203
\BOOKMARK [3][-]{subsubsection.11.13.1.2}{\376\377\000p\000h\000p\163\257\130\203\144\055\136\372}{subsection.11.13.1}% 204
\BOOKMARK [4][-]{paragraph.11.13.1.2.1}{\376\377\221\115\177\156\232\161\122\250}{subsubsection.11.13.1.2}% 205
\BOOKMARK [3][-]{subsubsection.11.13.1.3}{\376\377\000t\000h\000i\000n\000k\000p\000h\000p\127\050\000h\000t\000t\000p\000d\116\055\117\177\165\050}{subsection.11.13.1}% 206
\BOOKMARK [4][-]{paragraph.11.13.1.3.1}{\376\377\221\115\177\156\145\160\143\156\136\223\217\336\143\245}{subsubsection.11.13.1.3}% 207
\BOOKMARK [4][-]{paragraph.11.13.1.3.2}{\376\377\221\115\177\156\145\160\143\156\136\223\217\336\143\245}{subsubsection.11.13.1.3}% 208
\BOOKMARK [4][-]{paragraph.11.13.1.3.3}{\376\377\117\356\145\071\143\247\122\066\145\207\116\366}{subsubsection.11.13.1.3}% 209
\BOOKMARK [4][-]{paragraph.11.13.1.3.4}{\376\377\155\373\122\240\000h\000t\000m\000l\145\207\116\366}{subsubsection.11.13.1.3}% 210
\BOOKMARK [1][-]{section.11.14}{\376\377\000P\000e\000r\000l\000\040\136\070\211\301\225\356\230\230}{chapter.11}% 211
\BOOKMARK [2][-]{subsection.11.14.1}{\376\377\000P\000e\000r\000l\000\040\232\161\122\250\000p\000d\000i\145\340\154\325\122\240\217\175\225\356\230\230}{section.11.14}% 212
\BOOKMARK [2][-]{subsection.11.14.2}{\376\377\140\016\116\110\127\050\000p\000e\000r\000l\116\055\221\115\177\156\221\321\116\323\000p\000e\000r\000l\232\161\122\250}{section.11.14}% 213
\BOOKMARK [2][-]{subsection.11.14.3}{\376\377\131\202\117\125\143\222\147\345\000p\000e\000r\000l\232\161\122\250\122\240\217\175\131\061\215\045\153\145\232\244}{section.11.14}% 214
\BOOKMARK [1][-]{section.11.15}{\376\377\000O\000D\000B\000C\136\070\211\301\225\356\230\230}{chapter.11}% 215
\BOOKMARK [2][-]{subsection.11.15.1}{\376\377\163\257\130\203\117\235\215\126}{section.11.15}% 216
\BOOKMARK [2][-]{subsection.11.15.2}{\376\377\000l\000i\000n\000u\000x\000\040\000u\000n\000i\000x\000o\000d\000b\000c\220\032\217\307\217\336\143\245\116\062\217\336\143\245\145\160\143\156\136\223\144\315\117\134\377\014\131\202\117\125\155\373\122\240\217\336\143\245\123\302\145\160\377\037}{section.11.15}% 217
\BOOKMARK [2][-]{subsection.11.15.3}{\376\377\000l\000i\000n\000u\000x\163\257\130\203\116\013\131\202\117\125\137\000\124\057\000o\000d\000b\000c\232\161\122\250\166\204\145\345\137\327\377\037}{section.11.15}% 218
\BOOKMARK [2][-]{subsection.11.15.4}{\376\377\000l\000i\000n\000u\000x\116\013\000o\000d\000b\000c\232\161\122\250\143\245\123\343\217\336\143\245\145\160\143\156\136\223\131\061\215\045\377\014\131\202\117\125\143\222\147\345\377\037}{section.11.15}% 219
\BOOKMARK [2][-]{subsection.11.15.5}{\376\377\000l\000i\000n\000u\000x\116\013\000o\000d\000b\000c\232\161\122\250\137\000\124\057\145\345\137\327\377\037}{section.11.15}% 220
\BOOKMARK [2][-]{subsection.11.15.6}{\376\377\000S\000Q\000L\000F\000r\000e\000e\000S\000t\000m\000t\000\050\000\051\121\375\145\160\116\016\000S\000Q\000L\000C\000l\000o\000s\000e\000C\000u\000r\000s\000o\000r\000\050\000\051\147\011\116\300\116\110\116\015\124\014\377\037}{section.11.15}% 221
\BOOKMARK [2][-]{subsection.11.15.7}{\376\377\217\336\143\245\116\062\116\055\131\202\117\125\220\032\217\307\232\161\122\250\124\015\217\336\143\245\145\160\143\156\136\223\377\014\123\163\116\015\220\032\217\307\000D\000N\000S\217\336\143\245\145\160\143\156\136\223\377\037}{section.11.15}% 222
\BOOKMARK [1][-]{section.11.16}{\376\377\000C\000\043\000\040\136\070\211\301\220\032\217\307\225\356\230\230}{chapter.11}% 223
\BOOKMARK [2][-]{subsection.11.16.1}{\376\377\000N\000D\000P\166\204\217\336\143\245\145\160\225\356\230\230}{section.11.16}% 224
\BOOKMARK [2][-]{subsection.11.16.2}{\376\377\000N\000D\000P\232\161\122\250\000n\000e\000t\0004\0005\060\001\000n\000e\000t\0004\0005\0001\000,\000\040\000n\000e\000t\000c\000o\000r\000e\0002\000.\0000\147\011\116\300\116\110\116\015\124\014\377\037}{section.11.16}% 225
\BOOKMARK [1][-]{section.11.17}{\376\377\000P\000y\000t\000h\000o\000n\220\032\217\307\000P\000y\000O\000D\000B\000C\217\336\143\245\000K\000i\000n\000g\000b\000a\000s\000e\166\204\213\364\146\016}{chapter.11}% 226
\BOOKMARK [2][-]{subsection.11.17.1}{\376\377\163\257\130\203\221\115\177\156}{section.11.17}% 227
\BOOKMARK [2][-]{subsection.11.17.2}{\376\377\000K\000i\000n\000g\000b\000a\000s\000e\000V\0007\232\161\122\250\221\115\177\156}{section.11.17}% 228
\BOOKMARK [2][-]{subsection.11.17.3}{\376\377\000K\000i\000n\000g\000b\000a\000s\000e\000V\0008\232\161\122\250\221\115\177\156}{section.11.17}% 229
\BOOKMARK [2][-]{subsection.11.17.4}{\376\377\217\336\143\245\155\113\213\325}{section.11.17}% 230
\BOOKMARK [1][-]{section.11.18}{\376\377\000R\000u\000b\000y\000\040\136\070\211\301\225\356\230\230}{chapter.11}% 231
\BOOKMARK [2][-]{subsection.11.18.1}{\376\377\131\202\117\125\117\177\165\050\000r\000u\000b\000y\000-\000p\000g\232\161\122\250\217\336\143\245\201\363\000k\000i\000n\000g\000b\000a\000s\000e\000E\000S\000\040\000V\0008\000R\0003\145\160\143\156\136\223}{section.11.18}% 232
\BOOKMARK [1][-]{section.11.19}{\376\377\000Q\000T\136\070\211\301\225\356\230\230}{chapter.11}% 233
\BOOKMARK [2][-]{subsection.11.19.1}{\376\377\000w\000i\000n\000d\000o\000w\000s\131\202\117\125\122\240\217\175\000Q\000T\232\161\122\250}{section.11.19}% 234
\BOOKMARK [2][-]{subsection.11.19.2}{\376\377\143\320\227\000\154\102\145\366\377\014\131\202\117\125\217\333\210\114\143\317\217\360\377\032}{section.11.19}% 235
\BOOKMARK [2][-]{subsection.11.19.3}{\376\377\000S\000S\000L\213\244\213\301\131\202\117\125\221\115\177\156}{section.11.19}% 236
\BOOKMARK [1][-]{section.11.20}{\376\377\000V\0007\000\040\000K\000C\000I\136\070\211\301\225\356\230\230}{chapter.11}% 237
\BOOKMARK [2][-]{subsection.11.20.1}{\376\377\165\050\000K\000C\000I\144\315\117\134\131\047\133\371\214\141\121\231\122\060\165\050\142\067\166\204\210\150\221\314\377\014\123\321\163\260\000O\000I\000D\116\015\146\057\122\033\136\372\166\204\000O\000I\000D}{section.11.20}% 238
\BOOKMARK [1][-]{section.11.21}{\376\377\000V\0007\000\040\000O\000C\000I\136\070\211\301\225\356\230\230}{chapter.11}% 239
\BOOKMARK [2][-]{subsection.11.21.1}{\376\377\000O\000C\000I\213\373\121\231\122\006\171\273\221\115\177\156}{section.11.21}% 240
\BOOKMARK [2][-]{subsection.11.21.2}{\376\377\000O\000C\000I\145\345\137\327\122\006\147\220}{section.11.21}% 241
\BOOKMARK [2][-]{subsection.11.21.3}{\376\377\000O\000C\000I\145\345\137\327\221\115\177\156\213\364\146\016}{section.11.21}% 242
\BOOKMARK [2][-]{subsection.11.21.4}{\376\377\000O\000C\000I\221\115\177\156\145\207\116\366\131\202\117\125\221\115\177\156}{section.11.21}% 243
\BOOKMARK [2][-]{subsection.11.21.5}{\376\377\000O\000C\000I\000\040\124\214\000D\000C\000I\166\204\131\064\145\207\116\366\123\357\116\345\155\367\165\050\124\027\377\037}{section.11.21}% 244
\BOOKMARK [1][-]{section.11.22}{\376\377\000V\0007\000\040\000J\000D\000B\000C\136\070\211\301\225\356\230\230}{chapter.11}% 245
\BOOKMARK [2][-]{subsection.11.22.1}{\376\377\000J\000D\000B\000C\213\373\121\231\122\006\171\273\221\115\177\156}{section.11.22}% 246
\BOOKMARK [2][-]{subsection.11.22.2}{\376\377\000J\000D\000B\000C\145\345\137\327\122\006\147\220}{section.11.22}% 247
\BOOKMARK [2][-]{subsection.11.22.3}{\376\377\000J\000D\000B\000C\213\373\121\231\122\006\171\273\122\006\123\321\173\126\165\145}{section.11.22}% 248
\BOOKMARK [2][-]{subsection.11.22.4}{\376\377\000F\000a\000s\000t\000P\000a\000t\000h\000\040\000c\000a\000l\000l\000\040\000r\000e\000t\000u\000r\000n\000e\000d\000\040\000i\000n\000v\000a\000l\000i\000d\000\040\000l\000a\000r\000g\000e\000\040\000o\000b\000j\000e\000c\000t\000\040\000d\000e\000s\000c\000r\000i\000p\000t\000o\000r\377\032\0000\000.}{section.11.22}% 249
\BOOKMARK [2][-]{subsection.11.22.5}{\376\377\000f\000e\000t\000c\000h\000s\000i\000z\000e\122\237\200\375}{section.11.22}% 250
\BOOKMARK [2][-]{subsection.11.22.6}{\376\377\000m\000y\000b\000a\000t\000i\000s\116\000\153\041\142\147\210\114\131\032\147\141\213\355\123\345\145\366\142\245\225\031\377\014\225\031\213\357\117\341\140\157\116\072\377\032\040\034\230\204\177\156\166\204\213\355\123\345\116\055\116\015\200\375\143\322\121\145\131\032\116\052\124\175\116\344\040\035}{section.11.22}% 251
\BOOKMARK [1][-]{section.11.23}{\376\377\000S\000S\000L\213\244\213\301\136\070\211\301\225\356\230\230}{chapter.11}% 252
\BOOKMARK [2][-]{subsection.11.23.1}{\376\377\213\301\116\146\165\037\142\020}{section.11.23}% 253
\BOOKMARK [2][-]{subsection.11.23.2}{\376\377\213\301\116\146\221\115\177\156}{section.11.23}% 254
\BOOKMARK [2][-]{subsection.11.23.3}{\376\377\213\301\116\146\147\011\145\110\147\037}{section.11.23}% 255
\BOOKMARK [0][-]{chapter.12}{\376\377\000D\000o\000c\000k\000e\000r\163\257\130\203\166\370\121\163\225\356\230\230}{}% 256
\BOOKMARK [1][-]{section.12.1}{\376\377\060\020\000e\000x\000i\000t\000\040\000c\000o\000d\000e\000\040\0001\0003\0007\060\021\225\031\213\357\117\341\140\157}{chapter.12}% 257
\BOOKMARK [1][-]{section.12.2}{\376\377\000D\000o\000c\000k\000e\000r\000\040\163\257\130\203\116\013\000l\000i\000c\000e\000n\000s\000e\147\072\122\066}{chapter.12}% 258
\BOOKMARK [0][-]{chapter.13}{\376\377\213\373\121\231\122\006\171\273}{}% 259
\BOOKMARK [1][-]{section.13.1}{\376\377\213\373\121\231\122\006\171\273\122\006\123\321\147\072\122\066}{chapter.13}% 260
\BOOKMARK [1][-]{section.13.2}{\376\377\131\202\117\125\155\113\213\325\116\000\116\013\163\260\127\072\166\204\131\007\147\072\131\061\215\045\377\014\217\154\123\321\116\073\147\072\166\204\127\072\146\157\377\037}{chapter.13}% 261
\BOOKMARK [1][-]{section.13.3}{\376\377\131\061\215\045\221\315\123\321\147\072\122\066}{chapter.13}% 262
\BOOKMARK [1][-]{section.13.4}{\376\377\000s\000s\000h\000\040\137\025\123\321\166\204\166\370\121\163\225\356\230\230}{chapter.13}% 263
\BOOKMARK [1][-]{section.13.5}{\376\377\213\373\121\231\122\006\171\273\131\007\147\072\131\007\116\375\142\245\225\031}{chapter.13}% 264
\BOOKMARK [1][-]{section.13.6}{\376\377\213\373\121\231\122\006\171\273\226\306\177\244\000H\000a\000s\000h\175\042\137\025\200\001\146\057\121\372\225\356\230\230}{chapter.13}% 265
\BOOKMARK [0][-]{chapter.14}{\376\377\232\330\123\357\165\050\226\306\177\244}{}% 266
\BOOKMARK [1][-]{section.14.1}{\376\377\000l\000i\000b\000s\000s\000l\000\040\225\356\230\230}{chapter.14}% 267
\BOOKMARK [1][-]{section.14.2}{\376\377\000i\000f\000\137\000u\000p\000\137\000c\000m\000d\000\040\000f\000a\000i\000l\000d}{chapter.14}% 268
\BOOKMARK [1][-]{section.14.3}{\376\377\000a\000r\000p\000i\000n\000g\225\356\230\230}{chapter.14}% 269
\BOOKMARK [1][-]{section.14.4}{\376\377\000a\000r\000p\000i\000n\000g\000\137\000p\000a\000t\000h\162\110\147\054\116\015\153\143\170\156}{chapter.14}% 270
\BOOKMARK [1][-]{section.14.5}{\376\377\000e\000s\000H\000A\000m\000o\000d\000e\000l\000.\000s\000h\201\032\147\054\225\031\213\357}{chapter.14}% 271
\BOOKMARK [1][-]{section.14.6}{\376\377\226\306\177\244\124\015\171\360\116\015\200\375\117\177\165\050\000c\000l\000u\000s\000t\000e\000r}{chapter.14}% 272
\BOOKMARK [1][-]{section.14.7}{\376\377\177\121\176\334\225\356\230\230\133\374\201\364\131\007\147\072\145\340\154\325\122\240\121\145\226\306\177\244}{chapter.14}% 273
\BOOKMARK [1][-]{section.14.8}{\376\377\000k\000i\000n\000g\000b\000a\000s\000e\000c\000l\000u\000s\000t\000e\000r\147\015\122\241\124\057\122\250\131\061\215\045}{chapter.14}% 274
\BOOKMARK [1][-]{section.14.9}{\376\377\226\306\177\244\000s\000y\000s\000\137\000m\000d\0005\165\037\142\020\225\031\213\357\133\306\170\001}{chapter.14}% 275
\BOOKMARK [1][-]{section.14.10}{\376\377\116\044\202\202\160\271\213\373\121\231\122\006\171\273\226\306\177\244\377\014\226\306\177\244\145\340\154\325\122\033\136\372\116\073\131\007\377\014\116\044\116\052\000n\000o\000d\000e\220\375\146\057\116\073}{chapter.14}% 276
\BOOKMARK [1][-]{section.14.11}{\376\377\226\306\177\244\145\340\154\325\117\356\145\071\000m\000a\000x\000\137\000c\000o\000n\000n\000e\000c\000t\000i\000o\000n\000s\123\302\145\160}{chapter.14}% 277
\BOOKMARK [1][-]{section.14.12}{\376\377\217\157\217\336\143\245\221\115\177\156\225\031\213\357\377\014\133\374\201\364\226\306\177\244\124\057\122\250\142\245\177\072\134\021\170\301\166\330\172\172\225\364}{chapter.14}% 278
\BOOKMARK [1][-]{section.14.13}{\376\377\147\052\221\115\177\156\000r\000o\000o\000t\165\050\142\067\000s\000s\000h\116\222\117\341\377\014\220\350\177\162\226\306\177\244\145\366\377\014\155\373\122\240\202\202\160\271\040\034\000a\000u\000t\000h\000\040\000f\000a\000i\000l\040\035}{chapter.14}% 279
\BOOKMARK [1][-]{section.14.14}{\376\377\226\062\160\153\130\231\133\374\201\364\226\306\177\244\000s\000h\000o\000w\000\040\000p\000o\000o\000l\000\137\000n\000o\000d\000e\000s\117\341\140\157\225\031\213\357}{chapter.14}% 280
\BOOKMARK [1][-]{section.14.15}{\376\377\000\240\000V\0008\000R\0003\226\306\177\244\220\350\177\162\135\345\121\167\040\034\000a\000u\000t\000h\000\040\000f\000a\000i\000l\040\035\225\031\213\357}{chapter.14}% 281
\BOOKMARK [1][-]{section.14.16}{\376\377\226\306\177\244\220\032\217\307\000k\000i\000n\000g\000b\000a\000s\000e\000\137\000m\000o\000n\000i\000t\000o\000r\000.\000s\000h\124\057\122\250\124\016\040\034\000T\000h\000e\000r\000e\000\040\000a\000r\000e\000\040\000n\000o\000\040\0001\000\040\000s\000t\000a\000n\000d\000b\000y\000s\000\040\000i\000n\000\040\000s\000y\000s\000\137\000s\000t\000a\000t\000\137\000r\000e\000p\000l\000i\000c\000a\000t\000i\000o\000n\000.\000.\000.\000.\000.\000.\000"}{chapter.14}% 282
\BOOKMARK [1][-]{section.14.17}{\376\377\000K\000E\000S\000\040\000V\0008\000R\0002\226\306\177\244\000k\000i\000n\000g\000b\000a\000s\000e\000c\000l\000u\000s\000t\000e\000r\147\015\122\241\0009\0009\0009\0009\172\357\123\343\145\340\154\325\217\336\143\245}{chapter.14}% 283
\BOOKMARK [1][-]{section.14.18}{\376\377\000R\0003\226\306\177\244\220\350\177\162\135\345\121\167\220\350\177\162\145\366\377\014\121\372\163\260\000s\000y\000s\000\137\000m\000d\0005\166\204\225\031\213\357}{chapter.14}% 284
\BOOKMARK [1][-]{section.14.19}{\376\377\000R\0003\226\306\177\244\000B\000M\000J\124\057\122\250\000e\000s\000H\000A\000m\000o\000d\000e\000l\000.\000s\000h\131\061\215\045\225\356\230\230}{chapter.14}% 285
\BOOKMARK [1][-]{section.14.20}{\376\377\000B\000M\000J\000\040\000R\0003\226\306\177\244\122\007\143\142\124\016\000e\000s\000\137\000c\000l\000i\000e\000n\000t\145\340\154\325\124\214\000e\000s\000\137\000s\000e\000r\000v\000e\000r\220\032\213\257\225\356\230\230}{chapter.14}% 286
\BOOKMARK [1][-]{section.14.21}{\376\377\000k\000i\000n\000g\000b\000a\000s\000e\000E\000S\000\040\000R\0003\226\306\177\244\124\057\122\250\124\016\040\034\145\340\000s\000t\000a\000n\000d\000b\000y\040\035\225\356\230\230}{chapter.14}% 287
\BOOKMARK [1][-]{section.14.22}{\376\377\000k\000i\000n\000g\000b\000a\000s\000e\000E\000S\000\040\000R\0003\226\306\177\244\000k\000i\000n\000g\000b\000a\000s\000e\000c\000l\000u\000s\000t\000e\000r\145\340\154\325\153\143\170\156\213\306\122\053\131\007\136\223\162\266\140\001}{chapter.14}% 288
\BOOKMARK [1][-]{section.14.23}{\376\377\000k\000i\000n\000g\000b\000a\000s\000e\000E\000S\000\040\000R\0003\000\040\226\306\177\244\145\340\154\325\122\240\217\175\000d\000b\000\040\000V\000I\000P\000\040\124\214\000c\000l\000u\000s\000t\000e\000r\000\040\000V\000I\000P\150\110\117\213}{chapter.14}% 289
\BOOKMARK [1][-]{section.14.24}{\376\377\177\121\121\163\145\340\154\325\217\336\220\032\377\014\133\374\201\364\226\306\177\244\000d\000o\000w\000n\377\014\142\113\135\345\124\057\122\250\145\160\143\156\136\223\147\015\122\241}{chapter.14}% 290
\BOOKMARK [1][-]{section.14.25}{\376\377\131\007\136\223\000k\000i\000n\000g\000b\000a\000s\000e\000c\000l\000u\000s\000t\000e\000r\147\015\122\241\220\032\217\307\000k\000i\000n\000g\000b\000a\000s\000e\000\137\000m\000o\000n\000i\000t\000o\000r\000.\000s\000h\124\057\122\250\131\061\215\045\377\014\142\113\135\345\124\057\122\250\000k\000i\000n\000g\000b\000a\000s\000e\000c\000l\000u\000s\000t\000e\000r\147\015\122\241\211\343\121\263}{chapter.14}% 291
\BOOKMARK [1][-]{section.14.26}{\376\377\000K\000E\000S\000\040\000V\0008\000R\0003\226\306\177\244\220\032\217\307\000k\000i\000n\000g\000b\000a\000s\000e\000\137\000m\000o\000n\000i\000t\000o\000r\000.\000s\000h\124\057\122\250\131\061\215\045\377\014\143\320\171\072\040\034\000p\000a\000m\000\137\000n\000o\000l\000o\000g\000i\000n\000\050\0008\000\051\000"\225\031\213\357}{chapter.14}% 292
\BOOKMARK [1][-]{section.14.27}{\376\377\000c\000o\000n\000f\000l\000i\000c\000t\000\040\000w\000i\000t\000h\000\040\000r\000e\000c\000o\000v\000e\000r\000y\225\356\230\230}{chapter.14}% 293
\BOOKMARK [1][-]{section.14.28}{\376\377\000s\000y\000s\000\137\000d\000u\000m\000p\131\007\116\375\225\356\230\230}{chapter.14}% 294
\BOOKMARK [1][-]{section.14.29}{\376\377\000s\000y\000s\000\137\000r\000e\000s\000t\000o\000r\000e\000\040\140\142\131\015\145\160\143\156\225\031\213\357}{chapter.14}% 295
\BOOKMARK [1][-]{section.14.30}{\376\377\000k\000i\000n\000g\000b\000a\000s\000e\000E\000S\000\040\000R\0006\226\306\177\244\220\350\177\162\040\034\000o\000p\000e\000n\000\040\000f\000i\000l\000e\000s\040\035\225\356\230\230}{chapter.14}% 296
\BOOKMARK [0][-]{appendix.A}{\376\377\162\110\147\103\130\360\146\016}{}% 297
